{"message":"unresolved import `serade_derive`","code":{"code":"E0432","explanation":"An import was unresolved.\n\nErroneous code example:\n\n```compile_fail,E0432\nuse something::Foo; // error: unresolved import `something::Foo`.\n```\n\nIn Rust 2015, paths in `use` statements are relative to the crate root. To\nimport items relative to the current and parent modules, use the `self::` and\n`super::` prefixes, respectively.\n\nIn Rust 2018 or later, paths in `use` statements are relative to the current\nmodule unless they begin with the name of a crate or a literal `crate::`, in\nwhich case they start from the crate root. As in Rust 2015 code, the `self::`\nand `super::` prefixes refer to the current and parent modules respectively.\n\nAlso verify that you didn't misspell the import name and that the import exists\nin the module from where you tried to import it. Example:\n\n```\nuse self::something::Foo; // Ok.\n\nmod something {\n    pub struct Foo;\n}\n# fn main() {}\n```\n\nIf you tried to use a module from an external crate and are using Rust 2015,\nyou may have missed the `extern crate` declaration (which is usually placed in\nthe crate root):\n\n```edition2015\nextern crate core; // Required to use the `core` crate in Rust 2015.\n\nuse core::any;\n# fn main() {}\n```\n\nSince Rust 2018 the `extern crate` declaration is not required and\nyou can instead just `use` it:\n\n```edition2018\nuse core::any; // No extern crate required in Rust 2018.\n# fn main() {}\n```\n"},"level":"error","spans":[{"file_name":"src\\prob4.rs","byte_start":24,"byte_end":37,"line_start":2,"line_end":2,"column_start":5,"column_end":18,"is_primary":true,"text":[{"text":"use serade_derive::Deserialize;","highlight_start":5,"highlight_end":18}],"label":"use of undeclared crate or module `serade_derive`","suggested_replacement":null,"suggestion_applicability":null,"expansion":null}],"children":[{"message":"there is a crate or module with a similar name","code":null,"level":"help","spans":[{"file_name":"src\\prob4.rs","byte_start":24,"byte_end":37,"line_start":2,"line_end":2,"column_start":5,"column_end":18,"is_primary":true,"text":[{"text":"use serade_derive::Deserialize;","highlight_start":5,"highlight_end":18}],"label":null,"suggested_replacement":"serde_derive","suggestion_applicability":"MaybeIncorrect","expansion":null}],"children":[],"rendered":null}],"rendered":"\u001b[0m\u001b[1m\u001b[38;5;9merror[E0432]\u001b[0m\u001b[0m\u001b[1m\u001b[38;5;15m: unresolved import `serade_derive`\u001b[0m\n\u001b[0m \u001b[0m\u001b[0m\u001b[1m\u001b[38;5;14m--> \u001b[0m\u001b[0msrc\\prob4.rs:2:5\u001b[0m\n\u001b[0m  \u001b[0m\u001b[0m\u001b[1m\u001b[38;5;14m|\u001b[0m\n\u001b[0m\u001b[1m\u001b[38;5;14m2\u001b[0m\u001b[0m \u001b[0m\u001b[0m\u001b[1m\u001b[38;5;14m|\u001b[0m\u001b[0m \u001b[0m\u001b[0muse serade_derive::Deserialize;\u001b[0m\n\u001b[0m  \u001b[0m\u001b[0m\u001b[1m\u001b[38;5;14m| \u001b[0m\u001b[0m    \u001b[0m\u001b[0m\u001b[1m\u001b[38;5;9m^^^^^^^^^^^^^\u001b[0m\u001b[0m \u001b[0m\u001b[0m\u001b[1m\u001b[38;5;9muse of undeclared crate or module `serade_derive`\u001b[0m\n\u001b[0m  \u001b[0m\u001b[0m\u001b[1m\u001b[38;5;14m|\u001b[0m\n\u001b[0m\u001b[1m\u001b[38;5;14mhelp\u001b[0m\u001b[0m: there is a crate or module with a similar name\u001b[0m\n\u001b[0m  \u001b[0m\u001b[0m\u001b[1m\u001b[38;5;14m|\u001b[0m\n\u001b[0m\u001b[1m\u001b[38;5;14m2\u001b[0m\u001b[0m \u001b[0m\u001b[0m\u001b[1m\u001b[38;5;14m| \u001b[0m\u001b[0muse \u001b[0m\u001b[0m\u001b[38;5;10mserde_derive\u001b[0m\u001b[0m::Deserialize;\u001b[0m\n\u001b[0m  \u001b[0m\u001b[0m\u001b[1m\u001b[38;5;14m|\u001b[0m\u001b[0m     \u001b[0m\u001b[0m\u001b[38;5;10m~~~~~~~~~~~~\u001b[0m\n\n"}
{"message":"cannot determine resolution for the derive macro `Deserialize`","code":null,"level":"error","spans":[{"file_name":"src\\prob4.rs","byte_start":64,"byte_end":75,"line_start":4,"line_end":4,"column_start":10,"column_end":21,"is_primary":true,"text":[{"text":"#[derive(Deserialize)]","highlight_start":10,"highlight_end":21}],"label":null,"suggested_replacement":null,"suggestion_applicability":null,"expansion":null}],"children":[{"message":"import resolution is stuck, try simplifying macro imports","code":null,"level":"note","spans":[],"children":[],"rendered":null}],"rendered":"\u001b[0m\u001b[1m\u001b[38;5;9merror\u001b[0m\u001b[0m\u001b[1m\u001b[38;5;15m: cannot determine resolution for the derive macro `Deserialize`\u001b[0m\n\u001b[0m \u001b[0m\u001b[0m\u001b[1m\u001b[38;5;14m--> \u001b[0m\u001b[0msrc\\prob4.rs:4:10\u001b[0m\n\u001b[0m  \u001b[0m\u001b[0m\u001b[1m\u001b[38;5;14m|\u001b[0m\n\u001b[0m\u001b[1m\u001b[38;5;14m4\u001b[0m\u001b[0m \u001b[0m\u001b[0m\u001b[1m\u001b[38;5;14m|\u001b[0m\u001b[0m \u001b[0m\u001b[0m#[derive(Deserialize)]\u001b[0m\n\u001b[0m  \u001b[0m\u001b[0m\u001b[1m\u001b[38;5;14m| \u001b[0m\u001b[0m         \u001b[0m\u001b[0m\u001b[1m\u001b[38;5;9m^^^^^^^^^^^\u001b[0m\n\u001b[0m  \u001b[0m\u001b[0m\u001b[1m\u001b[38;5;14m|\u001b[0m\n\u001b[0m  \u001b[0m\u001b[0m\u001b[1m\u001b[38;5;14m= \u001b[0m\u001b[0m\u001b[1m\u001b[38;5;15mnote\u001b[0m\u001b[0m: import resolution is stuck, try simplifying macro imports\u001b[0m\n\n"}
{"message":"the trait bound `Student: serde::de::Deserialize<'_>` is not satisfied","code":{"code":"E0277","explanation":"You tried to use a type which doesn't implement some trait in a place which\nexpected that trait.\n\nErroneous code example:\n\n```compile_fail,E0277\n// here we declare the Foo trait with a bar method\ntrait Foo {\n    fn bar(&self);\n}\n\n// we now declare a function which takes an object implementing the Foo trait\nfn some_func<T: Foo>(foo: T) {\n    foo.bar();\n}\n\nfn main() {\n    // we now call the method with the i32 type, which doesn't implement\n    // the Foo trait\n    some_func(5i32); // error: the trait bound `i32 : Foo` is not satisfied\n}\n```\n\nIn order to fix this error, verify that the type you're using does implement\nthe trait. Example:\n\n```\ntrait Foo {\n    fn bar(&self);\n}\n\n// we implement the trait on the i32 type\nimpl Foo for i32 {\n    fn bar(&self) {}\n}\n\nfn some_func<T: Foo>(foo: T) {\n    foo.bar(); // we can now use this method since i32 implements the\n               // Foo trait\n}\n\nfn main() {\n    some_func(5i32); // ok!\n}\n```\n\nOr in a generic context, an erroneous code example would look like:\n\n```compile_fail,E0277\nfn some_func<T>(foo: T) {\n    println!(\"{:?}\", foo); // error: the trait `core::fmt::Debug` is not\n                           //        implemented for the type `T`\n}\n\nfn main() {\n    // We now call the method with the i32 type,\n    // which *does* implement the Debug trait.\n    some_func(5i32);\n}\n```\n\nNote that the error here is in the definition of the generic function. Although\nwe only call it with a parameter that does implement `Debug`, the compiler\nstill rejects the function. It must work with all possible input types. In\norder to make this example compile, we need to restrict the generic type we're\naccepting:\n\n```\nuse std::fmt;\n\n// Restrict the input type to types that implement Debug.\nfn some_func<T: fmt::Debug>(foo: T) {\n    println!(\"{:?}\", foo);\n}\n\nfn main() {\n    // Calling the method is still fine, as i32 implements Debug.\n    some_func(5i32);\n\n    // This would fail to compile now:\n    // struct WithoutDebug;\n    // some_func(WithoutDebug);\n}\n```\n\nRust only looks at the signature of the called function, as such it must\nalready specify all requirements that will be used for every type parameter.\n"},"level":"error","spans":[{"file_name":"src\\prob4.rs","byte_start":507,"byte_end":527,"line_start":24,"line_end":24,"column_start":56,"column_end":76,"is_primary":true,"text":[{"text":"        let student_deserialized: Result<Student, _> = serde_json::from_str(&line);","highlight_start":56,"highlight_end":76}],"label":"the trait `serde::de::Deserialize<'_>` is not implemented for `Student`","suggested_replacement":null,"suggestion_applicability":null,"expansion":null}],"children":[{"message":"the following other types implement trait `serde::de::Deserialize<'de>`:\n  &'a Path\n  &'a [u8]\n  &'a str\n  ()\n  (T0, T1)\n  (T0, T1, T2)\n  (T0, T1, T2, T3)\n  (T0, T1, T2, T3, T4)\nand 130 others","code":null,"level":"help","spans":[],"children":[],"rendered":null},{"message":"required by a bound in `serde_json::from_str`","code":null,"level":"note","spans":[{"file_name":"C:\\Users\\rmihalache\\.cargo\\registry\\src\\github.com-1ecc6299db9ec823\\serde_json-1.0.105\\src\\de.rs","byte_start":85422,"byte_end":85441,"line_start":2675,"line_end":2675,"column_start":8,"column_end":27,"is_primary":true,"text":[{"text":"    T: de::Deserialize<'a>,","highlight_start":8,"highlight_end":27}],"label":"required by this bound in `from_str`","suggested_replacement":null,"suggestion_applicability":null,"expansion":null}],"children":[],"rendered":null}],"rendered":"\u001b[0m\u001b[1m\u001b[38;5;9merror[E0277]\u001b[0m\u001b[0m\u001b[1m\u001b[38;5;15m: the trait bound `Student: serde::de::Deserialize<'_>` is not satisfied\u001b[0m\n\u001b[0m    \u001b[0m\u001b[0m\u001b[1m\u001b[38;5;14m--> \u001b[0m\u001b[0msrc\\prob4.rs:24:56\u001b[0m\n\u001b[0m     \u001b[0m\u001b[0m\u001b[1m\u001b[38;5;14m|\u001b[0m\n\u001b[0m\u001b[1m\u001b[38;5;14m24\u001b[0m\u001b[0m   \u001b[0m\u001b[0m\u001b[1m\u001b[38;5;14m|\u001b[0m\u001b[0m \u001b[0m\u001b[0m        let student_deserialized: Result<Student, _> = serde_json::from_str(&line);\u001b[0m\n\u001b[0m     \u001b[0m\u001b[0m\u001b[1m\u001b[38;5;14m| \u001b[0m\u001b[0m                                                       \u001b[0m\u001b[0m\u001b[1m\u001b[38;5;9m^^^^^^^^^^^^^^^^^^^^\u001b[0m\u001b[0m \u001b[0m\u001b[0m\u001b[1m\u001b[38;5;9mthe trait `serde::de::Deserialize<'_>` is not implemented for `Student`\u001b[0m\n\u001b[0m     \u001b[0m\u001b[0m\u001b[1m\u001b[38;5;14m|\u001b[0m\n\u001b[0m     \u001b[0m\u001b[0m\u001b[1m\u001b[38;5;14m= \u001b[0m\u001b[0m\u001b[1m\u001b[38;5;15mhelp\u001b[0m\u001b[0m: the following other types implement trait `serde::de::Deserialize<'de>`:\u001b[0m\n\u001b[0m               &'a Path\u001b[0m\n\u001b[0m               &'a [u8]\u001b[0m\n\u001b[0m               &'a str\u001b[0m\n\u001b[0m               ()\u001b[0m\n\u001b[0m               (T0, T1)\u001b[0m\n\u001b[0m               (T0, T1, T2)\u001b[0m\n\u001b[0m               (T0, T1, T2, T3)\u001b[0m\n\u001b[0m               (T0, T1, T2, T3, T4)\u001b[0m\n\u001b[0m             and 130 others\u001b[0m\n\u001b[0m\u001b[1m\u001b[38;5;10mnote\u001b[0m\u001b[0m: required by a bound in `serde_json::from_str`\u001b[0m\n\u001b[0m    \u001b[0m\u001b[0m\u001b[1m\u001b[38;5;14m--> \u001b[0m\u001b[0mC:\\Users\\rmihalache\\.cargo\\registry\\src\\github.com-1ecc6299db9ec823\\serde_json-1.0.105\\src\\de.rs:2675:8\u001b[0m\n\u001b[0m     \u001b[0m\u001b[0m\u001b[1m\u001b[38;5;14m|\u001b[0m\n\u001b[0m\u001b[1m\u001b[38;5;14m2675\u001b[0m\u001b[0m \u001b[0m\u001b[0m\u001b[1m\u001b[38;5;14m|\u001b[0m\u001b[0m \u001b[0m\u001b[0m    T: de::Deserialize<'a>,\u001b[0m\n\u001b[0m     \u001b[0m\u001b[0m\u001b[1m\u001b[38;5;14m| \u001b[0m\u001b[0m       \u001b[0m\u001b[0m\u001b[1m\u001b[38;5;10m^^^^^^^^^^^^^^^^^^^\u001b[0m\u001b[0m \u001b[0m\u001b[0m\u001b[1m\u001b[38;5;10mrequired by this bound in `from_str`\u001b[0m\n\n"}
{"message":"mismatched types","code":{"code":"E0308","explanation":"Expected type did not match the received type.\n\nErroneous code examples:\n\n```compile_fail,E0308\nfn plus_one(x: i32) -> i32 {\n    x + 1\n}\n\nplus_one(\"Not a number\");\n//       ^^^^^^^^^^^^^^ expected `i32`, found `&str`\n\nif \"Not a bool\" {\n// ^^^^^^^^^^^^ expected `bool`, found `&str`\n}\n\nlet x: f32 = \"Not a float\";\n//     ---   ^^^^^^^^^^^^^ expected `f32`, found `&str`\n//     |\n//     expected due to this\n```\n\nThis error occurs when an expression was used in a place where the compiler\nexpected an expression of a different type. It can occur in several cases, the\nmost common being when calling a function and passing an argument which has a\ndifferent type than the matching type in the function declaration.\n"},"level":"error","spans":[{"file_name":"src\\prob4.rs","byte_start":557,"byte_end":565,"line_start":27,"line_end":27,"column_start":12,"column_end":20,"is_primary":true,"text":[{"text":"    return students;","highlight_start":12,"highlight_end":20}],"label":"expected `Result<Vec<Student>, Error>`, found `Vec<Student>`","suggested_replacement":null,"suggestion_applicability":null,"expansion":null},{"file_name":"src\\prob4.rs","byte_start":194,"byte_end":225,"line_start":12,"line_end":12,"column_start":39,"column_end":70,"is_primary":false,"text":[{"text":"fn load_from_file(file_path: &str) -> Result<Vec<Student>, io::Error>","highlight_start":39,"highlight_end":70}],"label":"expected `Result<Vec<Student>, std::io::Error>` because of return type","suggested_replacement":null,"suggestion_applicability":null,"expansion":null}],"children":[{"message":"expected enum `Result<Vec<_>, std::io::Error>`\n found struct `Vec<_>`","code":null,"level":"note","spans":[],"children":[],"rendered":null},{"message":"try wrapping the expression in `Ok`","code":null,"level":"help","spans":[{"file_name":"src\\prob4.rs","byte_start":557,"byte_end":557,"line_start":27,"line_end":27,"column_start":12,"column_end":12,"is_primary":true,"text":[{"text":"    return students;","highlight_start":12,"highlight_end":12}],"label":null,"suggested_replacement":"Ok(","suggestion_applicability":"MaybeIncorrect","expansion":null},{"file_name":"src\\prob4.rs","byte_start":565,"byte_end":565,"line_start":27,"line_end":27,"column_start":20,"column_end":20,"is_primary":true,"text":[{"text":"    return students;","highlight_start":20,"highlight_end":20}],"label":null,"suggested_replacement":")","suggestion_applicability":"MaybeIncorrect","expansion":null}],"children":[],"rendered":null}],"rendered":"\u001b[0m\u001b[1m\u001b[38;5;9merror[E0308]\u001b[0m\u001b[0m\u001b[1m\u001b[38;5;15m: mismatched types\u001b[0m\n\u001b[0m  \u001b[0m\u001b[0m\u001b[1m\u001b[38;5;14m--> \u001b[0m\u001b[0msrc\\prob4.rs:27:12\u001b[0m\n\u001b[0m   \u001b[0m\u001b[0m\u001b[1m\u001b[38;5;14m|\u001b[0m\n\u001b[0m\u001b[1m\u001b[38;5;14m12\u001b[0m\u001b[0m \u001b[0m\u001b[0m\u001b[1m\u001b[38;5;14m|\u001b[0m\u001b[0m \u001b[0m\u001b[0mfn load_from_file(file_path: &str) -> Result<Vec<Student>, io::Error>\u001b[0m\n\u001b[0m   \u001b[0m\u001b[0m\u001b[1m\u001b[38;5;14m| \u001b[0m\u001b[0m                                      \u001b[0m\u001b[0m\u001b[1m\u001b[38;5;14m-------------------------------\u001b[0m\u001b[0m \u001b[0m\u001b[0m\u001b[1m\u001b[38;5;14mexpected `Result<Vec<Student>, std::io::Error>` because of return type\u001b[0m\n\u001b[0m\u001b[1m\u001b[38;5;14m...\u001b[0m\n\u001b[0m\u001b[1m\u001b[38;5;14m27\u001b[0m\u001b[0m \u001b[0m\u001b[0m\u001b[1m\u001b[38;5;14m|\u001b[0m\u001b[0m \u001b[0m\u001b[0m    return students;\u001b[0m\n\u001b[0m   \u001b[0m\u001b[0m\u001b[1m\u001b[38;5;14m| \u001b[0m\u001b[0m           \u001b[0m\u001b[0m\u001b[1m\u001b[38;5;9m^^^^^^^^\u001b[0m\u001b[0m \u001b[0m\u001b[0m\u001b[1m\u001b[38;5;9mexpected `Result<Vec<Student>, Error>`, found `Vec<Student>`\u001b[0m\n\u001b[0m   \u001b[0m\u001b[0m\u001b[1m\u001b[38;5;14m|\u001b[0m\n\u001b[0m   \u001b[0m\u001b[0m\u001b[1m\u001b[38;5;14m= \u001b[0m\u001b[0m\u001b[1m\u001b[38;5;15mnote\u001b[0m\u001b[0m: expected enum `\u001b[0m\u001b[0m\u001b[1mResult<\u001b[0m\u001b[0mVec<_>, \u001b[0m\u001b[0m\u001b[1mstd::io::Error>\u001b[0m\u001b[0m`\u001b[0m\n\u001b[0m            found struct `Vec<_>`\u001b[0m\n\u001b[0m\u001b[1m\u001b[38;5;14mhelp\u001b[0m\u001b[0m: try wrapping the expression in `Ok`\u001b[0m\n\u001b[0m   \u001b[0m\u001b[0m\u001b[1m\u001b[38;5;14m|\u001b[0m\n\u001b[0m\u001b[1m\u001b[38;5;14m27\u001b[0m\u001b[0m \u001b[0m\u001b[0m\u001b[1m\u001b[38;5;14m| \u001b[0m\u001b[0m    return \u001b[0m\u001b[0m\u001b[38;5;10mOk(\u001b[0m\u001b[0mstudents\u001b[0m\u001b[0m\u001b[38;5;10m)\u001b[0m\u001b[0m;\u001b[0m\n\u001b[0m   \u001b[0m\u001b[0m\u001b[1m\u001b[38;5;14m|\u001b[0m\u001b[0m            \u001b[0m\u001b[0m\u001b[38;5;10m+++\u001b[0m\u001b[0m        \u001b[0m\u001b[0m\u001b[38;5;10m+\u001b[0m\n\n"}
{"message":"aborting due to 4 previous errors","code":null,"level":"error","spans":[],"children":[],"rendered":"\u001b[0m\u001b[1m\u001b[38;5;9merror\u001b[0m\u001b[0m\u001b[1m\u001b[38;5;15m: aborting due to 4 previous errors\u001b[0m\n\n"}
{"message":"Some errors have detailed explanations: E0277, E0308, E0432.","code":null,"level":"failure-note","spans":[],"children":[],"rendered":"\u001b[0m\u001b[1m\u001b[38;5;15mSome errors have detailed explanations: E0277, E0308, E0432.\u001b[0m\n"}
{"message":"For more information about an error, try `rustc --explain E0277`.","code":null,"level":"failure-note","spans":[],"children":[],"rendered":"\u001b[0m\u001b[1m\u001b[38;5;15mFor more information about an error, try `rustc --explain E0277`.\u001b[0m\n"}
